0 info it worked if it ends with ok
1 verbose cli [ '/home/ubuntu/.nvm/versions/node/v4.5.0/bin/node',
1 verbose cli   '/home/ubuntu/.nvm/versions/node/v4.5.0/bin/npm',
1 verbose cli   'build',
1 verbose cli   'watch' ]
2 info using npm@2.15.9
3 info using node@v4.5.0
4 info build /home/ubuntu/workspace/SEWS/Projects/Final/watch
5 verbose stack Error: ENOENT: no such file or directory, open '/home/ubuntu/workspace/SEWS/Projects/Final/watch/package.json'
5 verbose stack     at Error (native)
6 verbose cwd /home/ubuntu/workspace/SEWS/Projects/Final
7 error Linux 4.9.17-c9
8 error argv "/home/ubuntu/.nvm/versions/node/v4.5.0/bin/node" "/home/ubuntu/.nvm/versions/node/v4.5.0/bin/npm" "build" "watch"
9 error node v4.5.0
10 error npm  v2.15.9
11 error path /home/ubuntu/workspace/SEWS/Projects/Final/watch/package.json
12 error code ENOENT
13 error errno -2
14 error syscall open
15 error enoent ENOENT: no such file or directory, open '/home/ubuntu/workspace/SEWS/Projects/Final/watch/package.json'
15 error enoent This is most likely not a problem with npm itself
15 error enoent and is related to npm not being able to find a file.
16 verbose exit [ -2, true ]
